mode: set
sentinel/internal/config/config.go:12.30,24.2 5 1
sentinel/internal/logparser/parser.go:32.13,35.2 2 1
sentinel/internal/logparser/parser.go:45.63,52.20 5 1
sentinel/internal/logparser/parser.go:52.20,54.3 1 0
sentinel/internal/logparser/parser.go:57.2,58.16 2 1
sentinel/internal/logparser/parser.go:58.16,60.3 1 1
sentinel/internal/logparser/parser.go:61.2,70.27 5 1
sentinel/internal/logparser/parser.go:70.27,73.17 3 1
sentinel/internal/logparser/parser.go:73.17,75.4 1 0
sentinel/internal/logparser/parser.go:79.2,81.20 2 1
sentinel/internal/logparser/parser.go:84.37,86.28 1 1
sentinel/internal/logparser/parser.go:86.28,88.3 1 0
sentinel/internal/logparser/parser.go:91.2,91.57 1 1
sentinel/internal/logparser/parser.go:91.57,92.59 1 0
sentinel/internal/logparser/parser.go:92.59,94.4 1 0
sentinel/internal/docker/client.go:7.42,9.2 1 1
sentinel/internal/alerting/alerting.go:31.61,36.2 1 1
sentinel/internal/alerting/alerting.go:38.48,40.2 1 1
sentinel/internal/alerting/alerting.go:42.33,43.12 1 1
sentinel/internal/alerting/alerting.go:43.12,44.7 1 1
sentinel/internal/alerting/alerting.go:44.7,45.36 1 1
sentinel/internal/alerting/alerting.go:45.36,46.74 1 1
sentinel/internal/alerting/alerting.go:46.74,49.6 2 1
sentinel/internal/alerting/alerting.go:51.4,51.32 1 1
sentinel/internal/alerting/alerting.go:56.49,67.41 8 1
sentinel/internal/alerting/alerting.go:67.41,69.3 1 1
